<?xml version="1.0" encoding="UTF-8"?>
<testsuite name="com.connectworld.ConnectworldApplicationTests" tests="1" skipped="0" failures="0" errors="0" timestamp="2016-08-15T00:57:44" hostname="NABPC" time="0.008">
  <properties/>
  <testcase name="contextLoads" classname="com.connectworld.ConnectworldApplicationTests" time="0.008"/>
  <system-out><![CDATA[20:57:37.250 [Test worker] DEBUG org.springframework.test.context.junit4.SpringJUnit4ClassRunner - SpringJUnit4ClassRunner constructor called with [class com.connectworld.ConnectworldApplicationTests]
20:57:37.288 [Test worker] DEBUG org.springframework.test.context.BootstrapUtils - Instantiating CacheAwareContextLoaderDelegate from class [org.springframework.test.context.cache.DefaultCacheAwareContextLoaderDelegate]
20:57:37.309 [Test worker] DEBUG org.springframework.test.context.BootstrapUtils - Instantiating BootstrapContext using constructor [public org.springframework.test.context.support.DefaultBootstrapContext(java.lang.Class,org.springframework.test.context.CacheAwareContextLoaderDelegate)]
20:57:37.343 [Test worker] DEBUG org.springframework.test.context.BootstrapUtils - Instantiating TestContextBootstrapper for test class [com.connectworld.ConnectworldApplicationTests] from class [org.springframework.test.context.support.DefaultTestContextBootstrapper]
20:57:37.406 [Test worker] DEBUG org.springframework.test.context.support.DefaultTestContextBootstrapper - Found explicit ContextLoader class [org.springframework.boot.test.SpringApplicationContextLoader] for context configuration attributes [ContextConfigurationAttributes@35480516 declaringClass = 'com.connectworld.ConnectworldApplicationTests', classes = '{class com.connectworld.ConnectworldApplication}', locations = '{}', inheritLocations = true, initializers = '{}', inheritInitializers = true, name = [null], contextLoaderClass = 'org.springframework.boot.test.SpringApplicationContextLoader']
20:57:37.424 [Test worker] DEBUG org.springframework.test.context.support.AbstractContextLoader - Did not detect default resource location for test class [com.connectworld.ConnectworldApplicationTests]: class path resource [com/connectworld/ConnectworldApplicationTests-context.xml] does not exist
20:57:37.425 [Test worker] DEBUG org.springframework.test.context.support.AbstractContextLoader - Did not detect default resource location for test class [com.connectworld.ConnectworldApplicationTests]: class path resource [com/connectworld/ConnectworldApplicationTestsContext.groovy] does not exist
20:57:37.426 [Test worker] INFO org.springframework.test.context.support.AbstractContextLoader - Could not detect default resource locations for test class [com.connectworld.ConnectworldApplicationTests]: no resource found for suffixes {-context.xml, Context.groovy}.
20:57:37.431 [Test worker] DEBUG org.springframework.test.context.support.ActiveProfilesUtils - Could not find an 'annotation declaring class' for annotation type [org.springframework.test.context.ActiveProfiles] and class [com.connectworld.ConnectworldApplicationTests]
20:57:37.441 [Test worker] DEBUG org.springframework.test.context.support.DefaultTestContextBootstrapper - @TestExecutionListeners is not present for class [com.connectworld.ConnectworldApplicationTests]: using defaults.
20:57:37.465 [Test worker] INFO org.springframework.test.context.support.DefaultTestContextBootstrapper - Loaded default TestExecutionListener class names from location [META-INF/spring.factories]: [org.springframework.test.context.web.ServletTestExecutionListener, org.springframework.test.context.support.DirtiesContextBeforeModesTestExecutionListener, org.springframework.test.context.support.DependencyInjectionTestExecutionListener, org.springframework.test.context.support.DirtiesContextTestExecutionListener, org.springframework.test.context.transaction.TransactionalTestExecutionListener, org.springframework.test.context.jdbc.SqlScriptsTestExecutionListener]
20:57:37.478 [Test worker] INFO org.springframework.test.context.support.DefaultTestContextBootstrapper - Could not instantiate TestExecutionListener [org.springframework.test.context.jdbc.SqlScriptsTestExecutionListener]. Specify custom listener classes or make the default listener classes (and their required dependencies) available. Offending class: [org/springframework/transaction/interceptor/TransactionAttribute]
20:57:37.479 [Test worker] INFO org.springframework.test.context.support.DefaultTestContextBootstrapper - Could not instantiate TestExecutionListener [org.springframework.test.context.transaction.TransactionalTestExecutionListener]. Specify custom listener classes or make the default listener classes (and their required dependencies) available. Offending class: [org/springframework/transaction/interceptor/TransactionAttributeSource]
20:57:37.497 [Test worker] INFO org.springframework.test.context.support.DefaultTestContextBootstrapper - Using TestExecutionListeners: [org.springframework.test.context.web.ServletTestExecutionListener@6d14b01, org.springframework.test.context.support.DirtiesContextBeforeModesTestExecutionListener@2af2db64, org.springframework.test.context.support.DependencyInjectionTestExecutionListener@6dc37883, org.springframework.test.context.support.DirtiesContextTestExecutionListener@5826ac04]
20:57:37.517 [Test worker] DEBUG org.springframework.test.annotation.ProfileValueUtils - Retrieved @ProfileValueSourceConfiguration [null] for test class [com.connectworld.ConnectworldApplicationTests]
20:57:37.519 [Test worker] DEBUG org.springframework.test.annotation.ProfileValueUtils - Retrieved ProfileValueSource type [class org.springframework.test.annotation.SystemProfileValueSource] for class [com.connectworld.ConnectworldApplicationTests]
20:57:37.524 [Test worker] DEBUG org.springframework.test.annotation.ProfileValueUtils - Retrieved @ProfileValueSourceConfiguration [null] for test class [com.connectworld.ConnectworldApplicationTests]
20:57:37.526 [Test worker] DEBUG org.springframework.test.annotation.ProfileValueUtils - Retrieved ProfileValueSource type [class org.springframework.test.annotation.SystemProfileValueSource] for class [com.connectworld.ConnectworldApplicationTests]
20:57:37.541 [Test worker] DEBUG org.springframework.test.context.support.AbstractDirtiesContextTestExecutionListener - Before test class: context [DefaultTestContext@11572763 testClass = ConnectworldApplicationTests, testInstance = [null], testMethod = [null], testException = [null], mergedContextConfiguration = [MergedContextConfiguration@db07442 testClass = ConnectworldApplicationTests, locations = '{}', classes = '{class com.connectworld.ConnectworldApplication}', contextInitializerClasses = '[]', activeProfiles = '{}', propertySourceLocations = '{}', propertySourceProperties = '{}', contextLoader = 'org.springframework.boot.test.SpringApplicationContextLoader', parent = [null]]], class annotated with @DirtiesContext [false] with mode [null].
20:57:37.545 [Test worker] DEBUG org.springframework.test.annotation.ProfileValueUtils - Retrieved @ProfileValueSourceConfiguration [null] for test class [com.connectworld.ConnectworldApplicationTests]
20:57:37.546 [Test worker] DEBUG org.springframework.test.annotation.ProfileValueUtils - Retrieved ProfileValueSource type [class org.springframework.test.annotation.SystemProfileValueSource] for class [com.connectworld.ConnectworldApplicationTests]
20:57:37.553 [Test worker] DEBUG org.springframework.test.context.support.DependencyInjectionTestExecutionListener - Performing dependency injection for test context [[DefaultTestContext@11572763 testClass = ConnectworldApplicationTests, testInstance = com.connectworld.ConnectworldApplicationTests@1587cae7, testMethod = [null], testException = [null], mergedContextConfiguration = [MergedContextConfiguration@db07442 testClass = ConnectworldApplicationTests, locations = '{}', classes = '{class com.connectworld.ConnectworldApplication}', contextInitializerClasses = '[]', activeProfiles = '{}', propertySourceLocations = '{}', propertySourceProperties = '{}', contextLoader = 'org.springframework.boot.test.SpringApplicationContextLoader', parent = [null]]]].
20:57:37.803 [Test worker] DEBUG org.springframework.core.env.StandardEnvironment - Adding [systemProperties] PropertySource with lowest search precedence
20:57:37.806 [Test worker] DEBUG org.springframework.core.env.StandardEnvironment - Adding [systemEnvironment] PropertySource with lowest search precedence
20:57:37.806 [Test worker] DEBUG org.springframework.core.env.StandardEnvironment - Initialized StandardEnvironment with PropertySources [systemProperties,systemEnvironment]
20:57:37.809 [Test worker] DEBUG org.springframework.core.env.StandardEnvironment - Adding [integrationTest] PropertySource with search precedence immediately lower than [systemEnvironment]

  .   ____          _            __ _ _
 /\\ / ___'_ __ _ _(_)_ __  __ _ \ \ \ \
( ( )\___ | '_ | '_| | '_ \/ _` | \ \ \ \
 \\/  ___)| |_)| | | | | || (_| |  ) ) ) )
  '  |____| .__|_| |_|_| |_\__, | / / / /
 =========|_|==============|___/=/_/_/_/
 :: Spring Boot ::        (v1.3.6.RELEASE)

2016-08-14 20:57:38.836  INFO 3840 --- [    Test worker] c.c.ConnectworldApplicationTests         : Starting ConnectworldApplicationTests on NABPC with PID 3840 (C:\Sanjai\Proj\connectworld\maps\build\classes\test started by Sanjai in C:\Sanjai\Proj\connectworld\maps)
2016-08-14 20:57:38.839  INFO 3840 --- [    Test worker] c.c.ConnectworldApplicationTests         : No active profile set, falling back to default profiles: default
2016-08-14 20:57:39.012  INFO 3840 --- [    Test worker] s.c.a.AnnotationConfigApplicationContext : Refreshing org.springframework.context.annotation.AnnotationConfigApplicationContext@2393b33: startup date [Sun Aug 14 20:57:38 EDT 2016]; root of context hierarchy
2016-08-14 20:57:44.235  INFO 3840 --- [    Test worker] c.c.ConnectworldApplicationTests         : Started ConnectworldApplicationTests in 6.42 seconds (JVM running for 9.286)
]]></system-out>
  <system-err><![CDATA[]]></system-err>
</testsuite>
